<?xml version="1.0" encoding="UTF-8"?>
<!-- Generated by org.testng.reporters.JUnitXMLReporter -->
<testsuite hostname="DESKTOP-BP7NV3R" ignored="0" name="FireFoxTest" tests="1" failures="1" timestamp="2021-07-27T17:41:57 IST" time="36.377" errors="0">
  <testcase name="tc1" time="36.226" classname="TESTNG.UrbanLLadER">
    <failure type="org.openqa.selenium.ElementNotInteractableException" message="Element &amp;lt;span&amp;gt; could not be scrolled into view
Build info: version: &amp;apos;3.141.59&amp;apos;, revision: &amp;apos;e82be7d358&amp;apos;, time: &amp;apos;2018-11-14T08:25:53&amp;apos;
System info: host: &amp;apos;DESKTOP-BP7NV3R&amp;apos;, ip: &amp;apos;192.168.43.51&amp;apos;, os.name: &amp;apos;Windows 10&amp;apos;, os.arch: &amp;apos;amd64&amp;apos;, os.version: &amp;apos;10.0&amp;apos;, java.version: &amp;apos;1.8.0_91&amp;apos;
Driver info: org.openqa.selenium.firefox.FirefoxDriver
Capabilities {acceptInsecureCerts: true, browserName: firefox, browserVersion: 90.0.2, javascriptEnabled: true, moz:accessibilityChecks: false, moz:buildID: 20210721174149, moz:geckodriverVersion: 0.29.1, moz:headless: false, moz:processID: 10556, moz:profile: C:\Users\admin\AppData\Loca..., moz:shutdownTimeout: 60000, moz:useNonSpecCompliantPointerOrigin: false, moz:webdriverClick: true, pageLoadStrategy: normal, platform: WINDOWS, platformName: WINDOWS, platformVersion: 10.0, proxy: Proxy(), setWindowRect: true, strictFileInteractability: false, timeouts: {implicit: 0, pageLoad: 300000, script: 30000}, unhandledPromptBehavior: dismiss and notify}
Session ID: b429828f-0d5c-43d5-a1f3-93000831260d">
      <![CDATA[org.openqa.selenium.ElementNotInteractableException: Element <span> could not be scrolled into view
Build info: version: '3.141.59', revision: 'e82be7d358', time: '2018-11-14T08:25:53'
System info: host: 'DESKTOP-BP7NV3R', ip: '192.168.43.51', os.name: 'Windows 10', os.arch: 'amd64', os.version: '10.0', java.version: '1.8.0_91'
Driver info: org.openqa.selenium.firefox.FirefoxDriver
Capabilities {acceptInsecureCerts: true, browserName: firefox, browserVersion: 90.0.2, javascriptEnabled: true, moz:accessibilityChecks: false, moz:buildID: 20210721174149, moz:geckodriverVersion: 0.29.1, moz:headless: false, moz:processID: 10556, moz:profile: C:\Users\admin\AppData\Loca..., moz:shutdownTimeout: 60000, moz:useNonSpecCompliantPointerOrigin: false, moz:webdriverClick: true, pageLoadStrategy: normal, platform: WINDOWS, platformName: WINDOWS, platformVersion: 10.0, proxy: Proxy(), setWindowRect: true, strictFileInteractability: false, timeouts: {implicit: 0, pageLoad: 300000, script: 30000}, unhandledPromptBehavior: dismiss and notify}
Session ID: b429828f-0d5c-43d5-a1f3-93000831260d
at org.openqa.selenium.remote.http.W3CHttpResponseCodec.createException(W3CHttpResponseCodec.java:187)
at org.openqa.selenium.remote.http.W3CHttpResponseCodec.decode(W3CHttpResponseCodec.java:122)
at org.openqa.selenium.remote.http.W3CHttpResponseCodec.decode(W3CHttpResponseCodec.java:49)
at org.openqa.selenium.remote.HttpCommandExecutor.execute(HttpCommandExecutor.java:158)
at org.openqa.selenium.remote.service.DriverCommandExecutor.execute(DriverCommandExecutor.java:83)
at org.openqa.selenium.remote.RemoteWebDriver.execute(RemoteWebDriver.java:552)
at org.openqa.selenium.remote.RemoteWebElement.execute(RemoteWebElement.java:285)
at org.openqa.selenium.remote.RemoteWebElement.click(RemoteWebElement.java:84)
at TESTNG.UrbanLLadER.tc1(UrbanLLadER.java:55)
at java.util.ArrayList.forEach(ArrayList.java:1249)
at java.util.concurrent.FutureTask.run(FutureTask.java:266)
at java.util.concurrent.ThreadPoolExecutor.runWorker(ThreadPoolExecutor.java:1142)
at java.util.concurrent.ThreadPoolExecutor$Worker.run(ThreadPoolExecutor.java:617)
at java.lang.Thread.run(Thread.java:745)
... Removed 22 stack frames]]>
    </failure>
  </testcase> <!-- tc1 -->
</testsuite> <!-- FireFoxTest -->
