<?xml version="1.0" encoding="UTF-8"?>
<testng-results skipped="0" failed="0" ignored="0" total="2" passed="2">
  <reporter-output>
  </reporter-output>
  <suite name="Suite" duration-ms="71620" started-at="2021-07-27T08:49:02 IST" finished-at="2021-07-27T08:50:13 IST">
    <groups>
    </groups>
    <test name="ChromeTest" duration-ms="29416" started-at="2021-07-27T08:49:02 IST" finished-at="2021-07-27T08:49:31 IST">
      <class name="TESTNG.goolgeOnDifferentBrowseer">
        <test-method status="PASS" signature="tc(java.lang.String)[pri:0, instance:TESTNG.goolgeOnDifferentBrowseer@27a5f880]" name="tc" duration-ms="29349" started-at="2021-07-27T08:49:02 IST" finished-at="2021-07-27T08:49:31 IST">
          <params>
            <param index="0">
              <value>
                <![CDATA[Chrome]]>
              </value>
            </param>
          </params>
          <reporter-output>
          </reporter-output>
        </test-method> <!-- tc -->
      </class> <!-- TESTNG.goolgeOnDifferentBrowseer -->
    </test> <!-- ChromeTest -->
    <test name="FireFoxTest" duration-ms="71620" started-at="2021-07-27T08:49:02 IST" finished-at="2021-07-27T08:50:13 IST">
      <class name="TESTNG.goolgeOnDifferentBrowseer">
        <test-method status="PASS" signature="tc(java.lang.String)[pri:0, instance:TESTNG.goolgeOnDifferentBrowseer@32d2fa64]" name="tc" duration-ms="71571" started-at="2021-07-27T08:49:02 IST" finished-at="2021-07-27T08:50:13 IST">
          <params>
            <param index="0">
              <value>
                <![CDATA[Firefox]]>
              </value>
            </param>
          </params>
          <reporter-output>
          </reporter-output>
        </test-method> <!-- tc -->
      </class> <!-- TESTNG.goolgeOnDifferentBrowseer -->
    </test> <!-- FireFoxTest -->
  </suite> <!-- Suite -->
</testng-results>
